{
  "stats": {
    "suites": 1,
    "tests": 1,
    "passes": 0,
    "pending": 0,
    "failures": 1,
    "start": "2025-12-05T13:25:05.373Z",
    "end": "2025-12-05T13:25:11.084Z",
    "duration": 5711,
    "testsRegistered": 1,
    "passPercent": 0,
    "pendingPercent": 0,
    "other": 0,
    "hasOther": false,
    "skipped": 0,
    "hasSkipped": false
  },
  "results": [
    {
      "uuid": "f6368c9f-22b6-4742-942f-120e40f7b2a9",
      "title": "",
      "fullFile": "cypress/e2e/dot-checkout-flow.cy.js",
      "file": "cypress/e2e/dot-checkout-flow.cy.js",
      "beforeHooks": [],
      "afterHooks": [],
      "tests": [],
      "suites": [
        {
          "uuid": "6f6d2a76-6121-40df-b636-f0911d607eab",
          "title": "My First Test",
          "fullFile": "",
          "file": "",
          "beforeHooks": [],
          "afterHooks": [],
          "tests": [
            {
              "title": "Visit DOT",
              "fullTitle": "My First Test Visit DOT",
              "timedOut": null,
              "duration": 3302,
              "state": "failed",
              "speed": null,
              "pass": false,
              "fail": true,
              "pending": false,
              "context": null,
              "code": "cy.viewport('macbook-13');\ncy.visit('https://order.ehungry.com.7.boyan.ehungry.net/classicpizza/order');\ncy.injectAxe();\ncy.checkA11y();\n// cy.get('.tabs_link').contains('Lunch').click()\n// cy.get('.menu_list').contains('Appetizers').click()\n// cy.get('.menucat_list').contains('French Fries').click()\n// cy.get('#addToCartButton').click()\n// cy.get('a.btn').contains('Proceed to checkout').click()",
              "err": {
                "message": "AssertionError: 3 accessibility violations were detected: expected 3 to equal 0",
                "estack": "AssertionError: 3 accessibility violations were detected: expected 3 to equal 0\n    at Context.eval (webpack:///./node_modules/cypress-axe/dist/index.js:102:0)\n    at getRet (https://order.ehungry.com.7.boyan.ehungry.net/__cypress/runner/cypress_runner.js:121066:20)\n    at tryCatcher (https://order.ehungry.com.7.boyan.ehungry.net/__cypress/runner/cypress_runner.js:1777:23)\n    at Promise.attempt.Promise.try (https://order.ehungry.com.7.boyan.ehungry.net/__cypress/runner/cypress_runner.js:4285:29)\n    at Context.thenFn (https://order.ehungry.com.7.boyan.ehungry.net/__cypress/runner/cypress_runner.js:121077:66)\n    at Context.then (https://order.ehungry.com.7.boyan.ehungry.net/__cypress/runner/cypress_runner.js:121328:21)\n    at wrapped (https://order.ehungry.com.7.boyan.ehungry.net/__cypress/runner/cypress_runner.js:141671:19)",
                "diff": null
              },
              "uuid": "72f44003-70e8-43d1-8ec4-388884f9b34c",
              "parentUUID": "6f6d2a76-6121-40df-b636-f0911d607eab",
              "isHook": false,
              "skipped": false
            }
          ],
          "suites": [],
          "passes": [],
          "failures": [
            "72f44003-70e8-43d1-8ec4-388884f9b34c"
          ],
          "pending": [],
          "skipped": [],
          "duration": 3302,
          "root": false,
          "rootEmpty": false,
          "_timeout": 2000
        }
      ],
      "passes": [],
      "failures": [],
      "pending": [],
      "skipped": [],
      "duration": 0,
      "root": true,
      "rootEmpty": true,
      "_timeout": 2000
    }
  ],
  "meta": {
    "mocha": {
      "version": "7.2.0"
    },
    "mochawesome": {
      "options": {
        "quiet": false,
        "reportFilename": "mochawesome",
        "saveHtml": true,
        "saveJson": true,
        "consoleReporter": "spec",
        "useInlineDiffs": false,
        "code": true
      },
      "version": "7.1.4"
    },
    "marge": {
      "options": null,
      "version": "6.3.2"
    }
  }
}